Start testing: Feb 20 16:05 EST
----------------------------------------------------------
1/3 Testing: GooTest.TestGetValueWithZero
1/3 Test: GooTest.TestGetValueWithZero
Command: "/mnt/c/Users/syoung/Documents/CppTestLinux/cpptest-ct/examples/CovGoogleTest/.build/goo_test" "--gtest_filter=GooTest.TestGetValueWithZero" "--gtest_also_run_disabled_tests" "--gtest_output=xml:/mnt/c/Users/syoung/Documents/CppTestLinux/cpptest-ct/examples/CovGoogleTest/.build/gtest-report/GooTest.TestGetValueWithZero.xml"
Directory: /mnt/c/Users/syoung/Documents/CppTestLinux/cpptest-ct/examples/CovGoogleTest/.build
"GooTest.TestGetValueWithZero" start time: Feb 20 16:05 EST
Output:
----------------------------------------------------------
Running main() from /mnt/c/Users/syoung/Documents/CppTestLinux/cpptest-ct/examples/CovGoogleTest/.build/_deps/googletest-src/googletest/src/gtest_main.cc
Note: Google Test filter = GooTest.TestGetValueWithZero
[==========] Running 1 test from 1 test suite.
[----------] Global test environment set-up.
[----------] 1 test from GooTest
[ RUN      ] GooTest.TestGetValueWithZero
[       OK ] GooTest.TestGetValueWithZero (10 ms)
[----------] 1 test from GooTest (10 ms total)

[----------] Global test environment tear-down
[==========] 1 test from 1 test suite ran. (10 ms total)
[  PASSED  ] 1 test.
<end of output>
Test time =   0.18 sec
----------------------------------------------------------
Test Passed.
"GooTest.TestGetValueWithZero" end time: Feb 20 16:05 EST
"GooTest.TestGetValueWithZero" time elapsed: 00:00:00
----------------------------------------------------------

2/3 Testing: GooTest.TestGetValueWithPositive
2/3 Test: GooTest.TestGetValueWithPositive
Command: "/mnt/c/Users/syoung/Documents/CppTestLinux/cpptest-ct/examples/CovGoogleTest/.build/goo_test" "--gtest_filter=GooTest.TestGetValueWithPositive" "--gtest_also_run_disabled_tests" "--gtest_output=xml:/mnt/c/Users/syoung/Documents/CppTestLinux/cpptest-ct/examples/CovGoogleTest/.build/gtest-report/GooTest.TestGetValueWithPositive.xml"
Directory: /mnt/c/Users/syoung/Documents/CppTestLinux/cpptest-ct/examples/CovGoogleTest/.build
"GooTest.TestGetValueWithPositive" start time: Feb 20 16:05 EST
Output:
----------------------------------------------------------
Running main() from /mnt/c/Users/syoung/Documents/CppTestLinux/cpptest-ct/examples/CovGoogleTest/.build/_deps/googletest-src/googletest/src/gtest_main.cc
Note: Google Test filter = GooTest.TestGetValueWithPositive
[==========] Running 1 test from 1 test suite.
[----------] Global test environment set-up.
[----------] 1 test from GooTest
[ RUN      ] GooTest.TestGetValueWithPositive
[       OK ] GooTest.TestGetValueWithPositive (9 ms)
[----------] 1 test from GooTest (9 ms total)

[----------] Global test environment tear-down
[==========] 1 test from 1 test suite ran. (9 ms total)
[  PASSED  ] 1 test.
<end of output>
Test time =   0.13 sec
----------------------------------------------------------
Test Passed.
"GooTest.TestGetValueWithPositive" end time: Feb 20 16:05 EST
"GooTest.TestGetValueWithPositive" time elapsed: 00:00:00
----------------------------------------------------------

3/3 Testing: GooTest.TestGetValueWithNegative
3/3 Test: GooTest.TestGetValueWithNegative
Command: "/mnt/c/Users/syoung/Documents/CppTestLinux/cpptest-ct/examples/CovGoogleTest/.build/goo_test" "--gtest_filter=GooTest.TestGetValueWithNegative" "--gtest_also_run_disabled_tests" "--gtest_output=xml:/mnt/c/Users/syoung/Documents/CppTestLinux/cpptest-ct/examples/CovGoogleTest/.build/gtest-report/GooTest.TestGetValueWithNegative.xml"
Directory: /mnt/c/Users/syoung/Documents/CppTestLinux/cpptest-ct/examples/CovGoogleTest/.build
"GooTest.TestGetValueWithNegative" start time: Feb 20 16:05 EST
Output:
----------------------------------------------------------
Running main() from /mnt/c/Users/syoung/Documents/CppTestLinux/cpptest-ct/examples/CovGoogleTest/.build/_deps/googletest-src/googletest/src/gtest_main.cc
Note: Google Test filter = GooTest.TestGetValueWithNegative
[==========] Running 1 test from 1 test suite.
[----------] Global test environment set-up.
[----------] 1 test from GooTest
[ RUN      ] GooTest.TestGetValueWithNegative
[       OK ] GooTest.TestGetValueWithNegative (23 ms)
[----------] 1 test from GooTest (23 ms total)

[----------] Global test environment tear-down
[==========] 1 test from 1 test suite ran. (23 ms total)
[  PASSED  ] 1 test.
<end of output>
Test time =   0.15 sec
----------------------------------------------------------
Test Passed.
"GooTest.TestGetValueWithNegative" end time: Feb 20 16:05 EST
"GooTest.TestGetValueWithNegative" time elapsed: 00:00:00
----------------------------------------------------------

End testing: Feb 20 16:05 EST
