<?xml version="1.0" encoding="UTF-8"?>
<testsuites tests="13" failures="2" disabled="0" errors="0" time="0.022" timestamp="2025-03-31T16:16:13.469" name="AllTests">
  <testsuite name="Account" tests="8" failures="1" disabled="0" skipped="0" errors="0" time="0.011" timestamp="2025-03-31T16:16:13.469">
    <testcase name="getBalanceDefault" file="/mnt/c/Users/syoung/Documents/LastData/cpptest-ct/examples/ATM/unitTests/AccountTest.hpp" line="6" status="run" result="completed" time="0." timestamp="2025-03-31T16:16:13.469" classname="Account">
      <properties>
        <property name="req" value="ATM_test-520"/>
        <property name="cpptest_filename" value="/mnt/c/Users/syoung/Documents/LastData/cpptest-ct/examples/ATM/unitTests/AccountTest.hpp"/>
      </properties>
    </testcase>
    <testcase name="getBalanceInit" file="/mnt/c/Users/syoung/Documents/LastData/cpptest-ct/examples/ATM/unitTests/AccountTest.hpp" line="13" status="run" result="completed" time="0." timestamp="2025-03-31T16:16:13.469" classname="Account">
      <properties>
        <property name="req" value="ATM_test-520"/>
        <property name="cpptest_filename" value="/mnt/c/Users/syoung/Documents/LastData/cpptest-ct/examples/ATM/unitTests/AccountTest.hpp"/>
      </properties>
    </testcase>
    <testcase name="getAndSetPassword" file="/mnt/c/Users/syoung/Documents/LastData/cpptest-ct/examples/ATM/unitTests/AccountTest.hpp" line="21" status="run" result="completed" time="0.007" timestamp="2025-03-31T16:16:13.470" classname="Account">
      <properties>
        <property name="req" value="ATM_test-520"/>
        <property name="cpptest_filename" value="/mnt/c/Users/syoung/Documents/LastData/cpptest-ct/examples/ATM/unitTests/AccountTest.hpp"/>
      </properties>
    </testcase>
    <testcase name="getAndSetPasswordEmpty" file="/mnt/c/Users/syoung/Documents/LastData/cpptest-ct/examples/ATM/unitTests/AccountTest.hpp" line="31" status="run" result="completed" time="0." timestamp="2025-03-31T16:16:13.478" classname="Account">
      <properties>
        <property name="req" value="ATM_test-520"/>
        <property name="cpptest_filename" value="/mnt/c/Users/syoung/Documents/LastData/cpptest-ct/examples/ATM/unitTests/AccountTest.hpp"/>
      </properties>
    </testcase>
    <testcase name="getAndSetAccountNumber" file="/mnt/c/Users/syoung/Documents/LastData/cpptest-ct/examples/ATM/unitTests/AccountTest.hpp" line="41" status="run" result="completed" time="0." timestamp="2025-03-31T16:16:13.479" classname="Account">
      <properties>
        <property name="req" value="ATM_test-520"/>
        <property name="cpptest_filename" value="/mnt/c/Users/syoung/Documents/LastData/cpptest-ct/examples/ATM/unitTests/AccountTest.hpp"/>
      </properties>
    </testcase>
    <testcase name="depositSimple" file="/mnt/c/Users/syoung/Documents/LastData/cpptest-ct/examples/ATM/unitTests/AccountTest.hpp" line="50" status="run" result="completed" time="0." timestamp="2025-03-31T16:16:13.479" classname="Account">
      <properties>
        <property name="req" value="ATM_test-520"/>
        <property name="cpptest_filename" value="/mnt/c/Users/syoung/Documents/LastData/cpptest-ct/examples/ATM/unitTests/AccountTest.hpp"/>
      </properties>
    </testcase>
    <testcase name="debitSimple" file="/mnt/c/Users/syoung/Documents/LastData/cpptest-ct/examples/ATM/unitTests/AccountTest.hpp" line="60" status="run" result="completed" time="0." timestamp="2025-03-31T16:16:13.479" classname="Account">
      <properties>
        <property name="req" value="ATM_test-520"/>
        <property name="cpptest_filename" value="/mnt/c/Users/syoung/Documents/LastData/cpptest-ct/examples/ATM/unitTests/AccountTest.hpp"/>
      </properties>
    </testcase>
    <testcase name="getBalanceInitBad" file="/mnt/c/Users/syoung/Documents/LastData/cpptest-ct/examples/ATM/unitTests/AccountTest.hpp" line="71" status="run" result="completed" time="0." timestamp="2025-03-31T16:16:13.480" classname="Account">
      <failure message="/mnt/c/Users/syoung/Documents/LastData/cpptest-ct/examples/ATM/unitTests/AccountTest.hpp:76&#x0A;Expected equality of these values:&#x0A;  acct.getBalance()&#x0A;    Which is: 223&#x0A;  initial - 1.0&#x0A;    Which is: 222&#x0A;" type=""><![CDATA[/mnt/c/Users/syoung/Documents/LastData/cpptest-ct/examples/ATM/unitTests/AccountTest.hpp:76
Expected equality of these values:
  acct.getBalance()
    Which is: 223
  initial - 1.0
    Which is: 222
]]></failure>
      <properties>
        <property name="req" value="ATM_test-520"/>
        <property name="filename" value="/mnt/c/Users/syoung/Documents/LastData/cpptest-ct/examples/ATM/unitTests/AccountTest.hpp"/>
      </properties>
    </testcase>
  </testsuite>
  <testsuite name="Bank" tests="5" failures="1" disabled="0" skipped="0" errors="0" time="0.01" timestamp="2025-03-31T16:16:13.481">
    <testcase name="addAccount" file="/mnt/c/Users/syoung/Documents/LastData/cpptest-ct/examples/ATM/unitTests/BankTest.hpp" line="6" status="run" result="completed" time="0." timestamp="2025-03-31T16:16:13.481" classname="Bank">
      <properties>
        <property name="req" value="ATM_test-521"/>
        <property name="cpptest_filename" value="/mnt/c/Users/syoung/Documents/LastData/cpptest-ct/examples/ATM/unitTests/BankTest.hpp"/>
      </properties>
    </testcase>
    <testcase name="addAccountMultiple" file="/mnt/c/Users/syoung/Documents/LastData/cpptest-ct/examples/ATM/unitTests/BankTest.hpp" line="14" status="run" result="completed" time="0." timestamp="2025-03-31T16:16:13.481" classname="Bank">
      <properties>
        <property name="req" value="ATM_test-521"/>
        <property name="cpptest_filename" value="/mnt/c/Users/syoung/Documents/LastData/cpptest-ct/examples/ATM/unitTests/BankTest.hpp"/>
      </properties>
    </testcase>
    <testcase name="getAccount_1" file="/mnt/c/Users/syoung/Documents/LastData/cpptest-ct/examples/ATM/unitTests/BankTest.hpp" line="26" status="run" result="completed" time="0.002" timestamp="2025-03-31T16:16:13.482" classname="Bank">
      <properties>
        <property name="cpptest_filename" value="/mnt/c/Users/syoung/Documents/LastData/cpptest-ct/examples/ATM/unitTests/BankTest.hpp"/>
      </properties>
    </testcase>
    <testcase name="getAccount_2" file="/mnt/c/Users/syoung/Documents/LastData/cpptest-ct/examples/ATM/unitTests/BankTest.hpp" line="36" status="run" result="completed" time="0.004" timestamp="2025-03-31T16:16:13.485" classname="Bank">
      <properties>
        <property name="cpptest_filename" value="/mnt/c/Users/syoung/Documents/LastData/cpptest-ct/examples/ATM/unitTests/BankTest.hpp"/>
      </properties>
    </testcase>
    <testcase name="getAccount_3" file="/mnt/c/Users/syoung/Documents/LastData/cpptest-ct/examples/ATM/unitTests/BankTest.hpp" line="46" status="run" result="completed" time="0." timestamp="2025-03-31T16:16:13.490" classname="Bank">
      <failure message="/mnt/c/Users/syoung/Documents/LastData/cpptest-ct/examples/ATM/unitTests/BankTest.hpp:53&#x0A;Value of: nullptr != acct&#x0A;  Actual: false&#x0A;Expected: true&#x0A;" type=""><![CDATA[/mnt/c/Users/syoung/Documents/LastData/cpptest-ct/examples/ATM/unitTests/BankTest.hpp:53
Value of: nullptr != acct
  Actual: false
Expected: true
]]></failure>
      <properties>
        <property name="cpptest_filename" value="/mnt/c/Users/syoung/Documents/LastData/cpptest-ct/examples/ATM/unitTests/BankTest.hpp"/>
      </properties>
    </testcase>
  </testsuite>
</testsuites>
