<?xml version="1.0" encoding="UTF-8"?>
<testsuites tests="1" failures="0" disabled="0" errors="0" time="0.009" timestamp="2025-02-20T16:05:06.853" name="AllTests">
  <testsuite name="GooTest" tests="1" failures="0" disabled="0" skipped="0" errors="0" time="0.009" timestamp="2025-02-20T16:05:06.853">
    <testcase name="TestGetValueWithPositive" status="run" result="completed" time="0.009" timestamp="2025-02-20T16:05:06.853" classname="GooTest">
<properties>
<property name="cpptest_filename" value="/mnt/c/Users/syoung/Documents/CppTestLinux/cpptest-ct/examples/CovGoogleTest/goo_test.cpp"/>
<property name="req" value="REQ-123-POSITIVE"/>
</properties>
    </testcase>
  </testsuite>
</testsuites>
